<?xml version="1.0" encoding="UTF-8"?>
<testsuite name="com.library.app.category.services.impl.CategoryServicesUTest" time="0.092" tests="15" errors="0" skipped="0" failures="0">
  <properties>
[...]
</properties>
  <testcase name="updateCategoryWithShortName" classname="com.library.app.category.services.impl.CategoryServicesUTest" time="0.038"/>
  <testcase name="updateCategoryNotFound" classname="com.library.app.category.services.impl.CategoryServicesUTest" time="0.015"/>
  <testcase name="findAllNoCategories" classname="com.library.app.category.services.impl.CategoryServicesUTest" time="0"/>
  <testcase name="addCategoryWithShortName" classname="com.library.app.category.services.impl.CategoryServicesUTest" time="0"/>
  <testcase name="updateCategoryWithLongName" classname="com.library.app.category.services.impl.CategoryServicesUTest" time="0"/>
  <testcase name="addValidCategory" classname="com.library.app.category.services.impl.CategoryServicesUTest" time="0"/>
  <testcase name="updateValidCategory" classname="com.library.app.category.services.impl.CategoryServicesUTest" time="0.016"/>
  <testcase name="findAllCategories" classname="com.library.app.category.services.impl.CategoryServicesUTest" time="0"/>
  <testcase name="updateWithNullName" classname="com.library.app.category.services.impl.CategoryServicesUTest" time="0"/>
  <testcase name="findCategoryById" classname="com.library.app.category.services.impl.CategoryServicesUTest" time="0"/>
  <testcase name="addCategoryWithLongName" classname="com.library.app.category.services.impl.CategoryServicesUTest" time="0.017"/>
  <testcase name="addCategoryWithExistentName" classname="com.library.app.category.services.impl.CategoryServicesUTest" time="0.004"/>
  <testcase name="addCategoryWithNullName" classname="com.library.app.category.services.impl.CategoryServicesUTest" time="0.002"/>
  <testcase name="updateCategoryWithExistentName" classname="com.library.app.category.services.impl.CategoryServicesUTest" time="0"/>
  <testcase name="findCategoryByIdNotFound" classname="com.library.app.category.services.impl.CategoryServicesUTest" time="0"/>
</testsuite>